C:\Program Files\Microsoft Visual Studio\2022\Community\MSBuild\Microsoft\VC\v170\Microsoft.CppBuild.targets(531,5): warning MSB8028: The intermediate directory (x64\Debug\) contains files shared from another project (3D Renderer.vcxproj).  This can lead to incorrect clean and rebuild behavior.
  camera.cpp
  init.cpp
  key_input.cpp
  main.cpp
  ui.cpp
C:\Git\opengl\tank-engine\TankEngine\main.cpp(72,62): error C2061: syntax error: identifier 'Camera'
C:\Git\opengl\tank-engine\TankEngine\main.cpp(82,3): error C2065: 'cam': undeclared identifier
C:\Git\opengl\tank-engine\TankEngine\main.cpp(85,3): error C2065: 'cam': undeclared identifier
C:\Git\opengl\tank-engine\TankEngine\main.cpp(88,3): error C2065: 'cam': undeclared identifier
C:\Git\opengl\tank-engine\TankEngine\main.cpp(91,3): error C2065: 'cam': undeclared identifier
C:\Git\opengl\tank-engine\TankEngine\main.cpp(94,3): error C2065: 'cam': undeclared identifier
C:\Git\opengl\tank-engine\TankEngine\main.cpp(97,3): error C2065: 'cam': undeclared identifier
C:\Git\opengl\tank-engine\TankEngine\main.cpp(101,3): error C2065: 'cam': undeclared identifier
C:\Git\opengl\tank-engine\TankEngine\main.cpp(104,3): error C2065: 'cam': undeclared identifier
C:\Git\opengl\tank-engine\TankEngine\main.cpp(107,3): error C2065: 'cam': undeclared identifier
C:\Git\opengl\tank-engine\TankEngine\main.cpp(110,3): error C2065: 'cam': undeclared identifier
C:\Git\opengl\tank-engine\TankEngine\main.cpp(113,3): error C2065: 'cam': undeclared identifier
C:\Git\opengl\tank-engine\TankEngine\main.cpp(116,3): error C2065: 'cam': undeclared identifier
C:\Git\opengl\tank-engine\TankEngine\main.cpp(244,2): error C2065: 'Camera': undeclared identifier
C:\Git\opengl\tank-engine\TankEngine\main.cpp(244,10): error C2065: 'cam': undeclared identifier
C:\Git\opengl\tank-engine\TankEngine\main.cpp(244,20): error C2061: syntax error: identifier 'Camera'
C:\Git\opengl\tank-engine\TankEngine\main.cpp(264,14): error C2065: 'cam': undeclared identifier
C:\Git\opengl\tank-engine\TankEngine\main.cpp(271,33): error C2065: 'cam': undeclared identifier
C:\Git\opengl\tank-engine\TankEngine\main.cpp(275,3): error C2065: 'cam': undeclared identifier
C:\Git\opengl\tank-engine\TankEngine\main.cpp(283,40): error C2065: 'cam': undeclared identifier
  Generating Code...
