c:\git\tank-engine\obj\debug\vc143.pdb
c:\git\tank-engine\obj\debug\cube.obj
c:\git\tank-engine\obj\debug\model.obj
c:\git\tank-engine\obj\debug\light.obj
c:\git\tank-engine\obj\debug\inspector.obj
c:\git\tank-engine\obj\debug\hierarchy.obj
c:\git\tank-engine\obj\debug\cube_map.obj
c:\git\tank-engine\obj\debug\camera.obj
c:\git\tank-engine\obj\debug\key_input.obj
c:\git\tank-engine\obj\debug\framebuffer.obj
c:\git\tank-engine\obj\debug\file.obj
c:\git\tank-engine\obj\debug\editor.obj
c:\git\tank-engine\obj\debug\colours.obj
c:\git\tank-engine\obj\debug\imgui_widgets.obj
c:\git\tank-engine\obj\debug\imgui_tables.obj
c:\git\tank-engine\obj\debug\imgui_draw.obj
c:\git\tank-engine\obj\debug\imgui_demo.obj
c:\git\tank-engine\obj\debug\imgui.obj
c:\git\tank-engine\obj\debug\imgui_impl_opengl3.obj
c:\git\tank-engine\obj\debug\imgui_impl_glfw.obj
c:\git\tank-engine\obj\debug\glad.obj
c:\git\tank-engine\obj\debug\widget.obj
c:\git\tank-engine\obj\debug\transform.obj
c:\git\tank-engine\obj\debug\time.obj
c:\git\tank-engine\obj\debug\shader.obj
c:\git\tank-engine\obj\debug\script.obj
c:\git\tank-engine\obj\debug\scene.obj
c:\git\tank-engine\obj\debug\panel.obj
c:\git\tank-engine\obj\debug\console.obj
c:\git\tank-engine\obj\debug\ui.obj
c:\git\tank-engine\obj\debug\textured_node.obj
c:\git\tank-engine\obj\debug\scene_view.obj
c:\git\tank-engine\obj\debug\node.obj
c:\git\tank-engine\obj\debug\primitive.obj
c:\git\tank-engine\obj\debug\sprite.obj
c:\git\tank-engine\obj\debug\vc143.idb
c:\git\tank-engine\obj\debug\texture.obj
c:\git\tank-engine\obj\debug\debug.obj
c:\git\tank-engine\bin\debug\application.exe
c:\git\tank-engine\bin\debug\application.pdb
c:\git\tank-engine\obj\debug\application.ilk
c:\git\tank-engine\obj\debug\application.tlog\cl.command.1.tlog
c:\git\tank-engine\obj\debug\application.tlog\cl.items.tlog
c:\git\tank-engine\obj\debug\application.tlog\cl.read.1.tlog
c:\git\tank-engine\obj\debug\application.tlog\cl.write.1.tlog
c:\git\tank-engine\obj\debug\application.tlog\link.command.1.tlog
c:\git\tank-engine\obj\debug\application.tlog\link.read.1.tlog
c:\git\tank-engine\obj\debug\application.tlog\link.secondary.1.tlog
c:\git\tank-engine\obj\debug\application.tlog\link.write.1.tlog
