  camera.cpp
  file.cpp
C:\Git\opengl\3d-renderer\3D Renderer\file.cpp(21,31): warning C4101: 'e': unreferenced local variable
  framebuffer.cpp
  glad.cpp
  imgui.cpp
  imgui_demo.cpp
  imgui_draw.cpp
  imgui_impl_glfw.cpp
  imgui_impl_opengl3.cpp
  imgui_tables.cpp
C:\Git\opengl\3d-renderer\3D Renderer\include\imgui\imgui_impl_opengl3.cpp(161,10): error C1083: Cannot open include file: 'imgui_impl_opengl3_loader.h': No such file or directory
  imgui_widgets.cpp
  matrix.cpp
  texture.cpp
  init.cpp
  key_input.cpp
  main.cpp
  shader.cpp
  uniform.cpp
  Generating Code...
