  glad.cpp
C:\Git\opengl\tank-engine\Application\include\glad\glad.cpp(25,10): error C1083: Cannot open include file: 'glad/glad.h': No such file or directory
  imgui.cpp
  imgui_draw.cpp
  imgui_impl_glfw.cpp
C:\Git\opengl\tank-engine\Application\include\imgui\imgui_impl_glfw.cpp(85,10): error C1083: Cannot open include file: 'GLFW/glfw3.h': No such file or directory
  imgui_impl_opengl3.cpp
  imgui_tables.cpp
  imgui_widgets.cpp
  file.cpp
  framebuffer.cpp
C:\Git\opengl\tank-engine\Application\src\framebuffer.hpp(2,10): error C1083: Cannot open include file: 'GLFW/glfw3.h': No such file or directory
  (compiling source file 'src/framebuffer.cpp')
  
  init.cpp
C:\Git\opengl\tank-engine\Application\src\init.hpp(2,10): error C1083: Cannot open include file: 'glad/glad.h': No such file or directory
  (compiling source file 'src/init.cpp')
  
  key_input.cpp
C:\Git\opengl\tank-engine\Application\src\key_input.hpp(4,10): error C1083: Cannot open include file: 'GLFW/glfw3.h': No such file or directory
  (compiling source file 'src/key_input.cpp')
  
  main.cpp
C:\Git\opengl\tank-engine\Application\src\main.cpp(7,10): error C1083: Cannot open include file: 'glad/glad.h': No such file or directory
  matrix.cpp
C:\Git\opengl\tank-engine\Application\src\matrix.cpp(1,10): error C1083: Cannot open include file: 'glm/gtc/matrix_transform.hpp': No such file or directory
  model.cpp
C:\Git\opengl\tank-engine\Application\src\model.cpp(1,10): error C1083: Cannot open include file: 'glm/glm.hpp': No such file or directory
  camera.cpp
C:\Git\opengl\tank-engine\Application\src\nodes\camera.cpp(1,10): error C1083: Cannot open include file: 'glm/gtc/matrix_transform.hpp': No such file or directory
  node.cpp
  ui.cpp
C:\Git\opengl\tank-engine\Application\src\nodes\ui.cpp(1,10): error C1083: Cannot open include file: 'imgui.h': No such file or directory
  shader.cpp
C:\Git\opengl\tank-engine\Application\src\shader.cpp(3,10): error C1083: Cannot open include file: 'glad/glad.h': No such file or directory
  texture.cpp
C:\Git\opengl\tank-engine\Application\src\texture.cpp(1,10): error C1083: Cannot open include file: 'glad/glad.h': No such file or directory
  uniform.cpp
C:\Git\opengl\tank-engine\Application\src\uniform.cpp(1,10): error C1083: Cannot open include file: 'glad/glad.h': No such file or directory
  Generating Code...
