c:\git\opengl\tank-engine\bin-int\debug-x64\application\vc143.pdb
c:\git\opengl\tank-engine\bin-int\debug-x64\application\vc143.idb
c:\git\opengl\tank-engine\bin-int\debug-x64\application\texture.obj
c:\git\opengl\tank-engine\bin-int\debug-x64\application\shader.obj
c:\git\opengl\tank-engine\bin-int\debug-x64\application\scene.obj
c:\git\opengl\tank-engine\bin-int\debug-x64\application\node.obj
c:\git\opengl\tank-engine\bin-int\debug-x64\application\model.obj
c:\git\opengl\tank-engine\bin-int\debug-x64\application\hierarchy.obj
c:\git\opengl\tank-engine\bin-int\debug-x64\application\camera.obj
c:\git\opengl\tank-engine\bin-int\debug-x64\application\key_input.obj
c:\git\opengl\tank-engine\bin-int\debug-x64\application\file.obj
c:\git\opengl\tank-engine\bin-int\debug-x64\application\editor.obj
c:\git\opengl\tank-engine\bin-int\debug-x64\application\imgui_widgets.obj
c:\git\opengl\tank-engine\bin-int\debug-x64\application\imgui_tables.obj
c:\git\opengl\tank-engine\bin-int\debug-x64\application\imgui_draw.obj
c:\git\opengl\tank-engine\bin-int\debug-x64\application\imgui.obj
c:\git\opengl\tank-engine\bin-int\debug-x64\application\glad.obj
c:\git\opengl\tank-engine\bin-int\debug-x64\application\imgui_demo.obj
c:\git\opengl\tank-engine\bin-int\debug-x64\application\inspector.obj
c:\git\opengl\tank-engine\bin-int\debug-x64\application\scene_view.obj
c:\git\opengl\tank-engine\bin-int\debug-x64\application\framebuffer.obj
c:\git\opengl\tank-engine\bin-int\debug-x64\application\imgui_impl_opengl3.obj
c:\git\opengl\tank-engine\bin-int\debug-x64\application\imgui_impl_glfw.obj
c:\git\opengl\tank-engine\bin-int\debug-x64\application\transform.obj
c:\git\opengl\tank-engine\bin\debug-x64\application\application.exe
c:\git\opengl\tank-engine\bin\debug-x64\application\application.pdb
c:\git\opengl\tank-engine\bin-int\debug-x64\application\application.ilk
c:\git\opengl\tank-engine\bin-int\debug-x64\application\colours.obj
c:\git\opengl\tank-engine\bin-int\debug-x64\application\matrix.obj
c:\git\opengl\tank-engine\bin-int\debug-x64\application\ui_element.obj
c:\git\opengl\tank-engine\bin-int\debug-x64\application\uniform.obj
c:\git\opengl\tank-engine\bin-int\debug-x64\application\editor.obj.enc
c:\git\opengl\tank-engine\bin/debug-x64/application/application.pdb
c:\git\opengl\tank-engine\bin-int/debug-x64/application/application.vcxproj.filelistabsolute.txt
c:\git\opengl\tank-engine\bin-int\debug-x64\application\application.tlog\cl.command.1.tlog
c:\git\opengl\tank-engine\bin-int\debug-x64\application\application.tlog\cl.items.tlog
c:\git\opengl\tank-engine\bin-int\debug-x64\application\application.tlog\cl.read.1.tlog
c:\git\opengl\tank-engine\bin-int\debug-x64\application\application.tlog\cl.write.1.tlog
c:\git\opengl\tank-engine\bin-int\debug-x64\application\application.tlog\link.command.1.tlog
c:\git\opengl\tank-engine\bin-int\debug-x64\application\application.tlog\link.read.1.tlog
c:\git\opengl\tank-engine\bin-int\debug-x64\application\application.tlog\link.secondary.1.tlog
c:\git\opengl\tank-engine\bin-int\debug-x64\application\application.tlog\link.write.1.tlog
