  editor.cpp
C:\Program Files (x86)\Windows Kits\10\Include\10.0.22000.0\shared\minwindef.h(130,1): warning C4005: 'APIENTRY': macro redefinition
  (compiling source file 'src/editor.cpp')
  C:\Git\opengl\tank-engine\Application\include\glad\glad.h(32,1):
  see previous definition of 'APIENTRY'
  
C:\Git\opengl\tank-engine\Engine\src\log.hpp(12,42): warning C4251: 'Tank::Log::s_coreLogger': class 'std::shared_ptr<spdlog::logger>' needs to have dll-interface to be used by clients of class 'Tank::Log'
  (compiling source file 'src/editor.cpp')
  C:\Program Files\Microsoft Visual Studio\2022\Community\VC\Tools\MSVC\14.39.33519\include\memory(1525,7):
  see declaration of 'std::shared_ptr<spdlog::logger>'
  
C:\Git\opengl\tank-engine\Engine\src\log.hpp(13,42): warning C4251: 'Tank::Log::s_clientLogger': class 'std::shared_ptr<spdlog::logger>' needs to have dll-interface to be used by clients of class 'Tank::Log'
  (compiling source file 'src/editor.cpp')
  C:\Program Files\Microsoft Visual Studio\2022\Community\VC\Tools\MSVC\14.39.33519\include\memory(1525,7):
  see declaration of 'std::shared_ptr<spdlog::logger>'
  
  framebuffer.cpp
C:\Git\opengl\tank-engine\Engine\src\log.hpp(12,42): warning C4251: 'Tank::Log::s_coreLogger': class 'std::shared_ptr<spdlog::logger>' needs to have dll-interface to be used by clients of class 'Tank::Log'
  (compiling source file 'src/framebuffer.cpp')
  C:\Program Files\Microsoft Visual Studio\2022\Community\VC\Tools\MSVC\14.39.33519\include\memory(1525,7):
  see declaration of 'std::shared_ptr<spdlog::logger>'
  
C:\Git\opengl\tank-engine\Engine\src\log.hpp(13,42): warning C4251: 'Tank::Log::s_clientLogger': class 'std::shared_ptr<spdlog::logger>' needs to have dll-interface to be used by clients of class 'Tank::Log'
  (compiling source file 'src/framebuffer.cpp')
  C:\Program Files\Microsoft Visual Studio\2022\Community\VC\Tools\MSVC\14.39.33519\include\memory(1525,7):
  see declaration of 'std::shared_ptr<spdlog::logger>'
  
  model.cpp
C:\Program Files (x86)\Windows Kits\10\Include\10.0.22000.0\shared\minwindef.h(130,1): warning C4005: 'APIENTRY': macro redefinition
  (compiling source file 'src/nodes/model.cpp')
  C:\Git\opengl\tank-engine\Application\include\glad\glad.h(32,1):
  see previous definition of 'APIENTRY'
  
C:\Git\opengl\tank-engine\Engine\src\log.hpp(12,42): warning C4251: 'Tank::Log::s_coreLogger': class 'std::shared_ptr<spdlog::logger>' needs to have dll-interface to be used by clients of class 'Tank::Log'
  (compiling source file 'src/nodes/model.cpp')
  C:\Program Files\Microsoft Visual Studio\2022\Community\VC\Tools\MSVC\14.39.33519\include\memory(1525,7):
  see declaration of 'std::shared_ptr<spdlog::logger>'
  
C:\Git\opengl\tank-engine\Engine\src\log.hpp(13,42): warning C4251: 'Tank::Log::s_clientLogger': class 'std::shared_ptr<spdlog::logger>' needs to have dll-interface to be used by clients of class 'Tank::Log'
  (compiling source file 'src/nodes/model.cpp')
  C:\Program Files\Microsoft Visual Studio\2022\Community\VC\Tools\MSVC\14.39.33519\include\memory(1525,7):
  see declaration of 'std::shared_ptr<spdlog::logger>'
  
C:\Git\opengl\tank-engine\Application\src\nodes\model.cpp(113,47): warning C4267: 'argument': conversion from 'size_t' to 'GLenum', possible loss of data
C:\Git\opengl\tank-engine\Application\src\nodes\model.cpp(118,34): warning C4267: 'argument': conversion from 'size_t' to 'int', possible loss of data
  scene_view.cpp
C:\Program Files (x86)\Windows Kits\10\Include\10.0.22000.0\shared\minwindef.h(130,1): warning C4005: 'APIENTRY': macro redefinition
  (compiling source file 'src/nodes/scene_view.cpp')
  C:\Git\opengl\tank-engine\Application\include\glad\glad.h(32,1):
  see previous definition of 'APIENTRY'
  
C:\Git\opengl\tank-engine\Engine\src\log.hpp(12,42): warning C4251: 'Tank::Log::s_coreLogger': class 'std::shared_ptr<spdlog::logger>' needs to have dll-interface to be used by clients of class 'Tank::Log'
  (compiling source file 'src/nodes/scene_view.cpp')
  C:\Program Files\Microsoft Visual Studio\2022\Community\VC\Tools\MSVC\14.39.33519\include\memory(1525,7):
  see declaration of 'std::shared_ptr<spdlog::logger>'
  
C:\Git\opengl\tank-engine\Engine\src\log.hpp(13,42): warning C4251: 'Tank::Log::s_clientLogger': class 'std::shared_ptr<spdlog::logger>' needs to have dll-interface to be used by clients of class 'Tank::Log'
  (compiling source file 'src/nodes/scene_view.cpp')
  C:\Program Files\Microsoft Visual Studio\2022\Community\VC\Tools\MSVC\14.39.33519\include\memory(1525,7):
  see declaration of 'std::shared_ptr<spdlog::logger>'
  
  shader.cpp
C:\Program Files (x86)\Windows Kits\10\Include\10.0.22000.0\shared\minwindef.h(130,1): warning C4005: 'APIENTRY': macro redefinition
  (compiling source file 'src/shader.cpp')
  C:\Git\opengl\tank-engine\Application\include\glad\glad.h(32,1):
  see previous definition of 'APIENTRY'
  
C:\Git\opengl\tank-engine\Engine\src\log.hpp(12,42): warning C4251: 'Tank::Log::s_coreLogger': class 'std::shared_ptr<spdlog::logger>' needs to have dll-interface to be used by clients of class 'Tank::Log'
  (compiling source file 'src/shader.cpp')
  C:\Program Files\Microsoft Visual Studio\2022\Community\VC\Tools\MSVC\14.39.33519\include\memory(1525,7):
  see declaration of 'std::shared_ptr<spdlog::logger>'
  
C:\Git\opengl\tank-engine\Engine\src\log.hpp(13,42): warning C4251: 'Tank::Log::s_clientLogger': class 'std::shared_ptr<spdlog::logger>' needs to have dll-interface to be used by clients of class 'Tank::Log'
  (compiling source file 'src/shader.cpp')
  C:\Program Files\Microsoft Visual Studio\2022\Community\VC\Tools\MSVC\14.39.33519\include\memory(1525,7):
  see declaration of 'std::shared_ptr<spdlog::logger>'
  
  texture.cpp
C:\Program Files (x86)\Windows Kits\10\Include\10.0.22000.0\shared\minwindef.h(130,1): warning C4005: 'APIENTRY': macro redefinition
  (compiling source file 'src/texture.cpp')
  C:\Git\opengl\tank-engine\Application\include\glad\glad.h(32,1):
  see previous definition of 'APIENTRY'
  
C:\Git\opengl\tank-engine\Engine\src\log.hpp(12,42): warning C4251: 'Tank::Log::s_coreLogger': class 'std::shared_ptr<spdlog::logger>' needs to have dll-interface to be used by clients of class 'Tank::Log'
  (compiling source file 'src/texture.cpp')
  C:\Program Files\Microsoft Visual Studio\2022\Community\VC\Tools\MSVC\14.39.33519\include\memory(1525,7):
  see declaration of 'std::shared_ptr<spdlog::logger>'
  
C:\Git\opengl\tank-engine\Engine\src\log.hpp(13,42): warning C4251: 'Tank::Log::s_clientLogger': class 'std::shared_ptr<spdlog::logger>' needs to have dll-interface to be used by clients of class 'Tank::Log'
  (compiling source file 'src/texture.cpp')
  C:\Program Files\Microsoft Visual Studio\2022\Community\VC\Tools\MSVC\14.39.33519\include\memory(1525,7):
  see declaration of 'std::shared_ptr<spdlog::logger>'
  
  Generating Code...
LINK : warning LNK4098: defaultlib 'MSVCRT' conflicts with use of other libs; use /NODEFAULTLIB:library
  Application.vcxproj -> C:\Git\opengl\tank-engine\bin\Debug-x64\Application\Application.exe
