  hierarchy.cpp
C:\Git\tank-engine\Engine\src\log.hpp(13,42): warning C4251: 'Tank::Log::s_coreLogger': 'std::shared_ptr<spdlog::logger>' needs to have dll-interface to be used by clients of 'Tank::Log'
C:\Git\tank-engine\Engine\src\log.hpp(14,42): warning C4251: 'Tank::Log::s_clientLogger': 'std::shared_ptr<spdlog::logger>' needs to have dll-interface to be used by clients of 'Tank::Log'
C:\Git\tank-engine\Engine\src\transform.hpp(15,13): warning C4251: 'Tank::Transform::m_modelMatrix': 'glm::mat<4,4,float,glm::packed_highp>' needs to have dll-interface to be used by clients of 'Tank::Transform'
C:\Git\tank-engine\Engine\src\transform.hpp(19,13): warning C4251: 'Tank::Transform::m_rotation': 'glm::qua<float,glm::packed_highp>' needs to have dll-interface to be used by clients of 'Tank::Transform'
C:\Git\tank-engine\Engine\src\transform.hpp(20,13): warning C4251: 'Tank::Transform::m_scale': 'glm::vec<3,float,glm::packed_highp>' needs to have dll-interface to be used by clients of 'Tank::Transform'
C:\Git\tank-engine\Engine\src\transform.hpp(21,13): warning C4251: 'Tank::Transform::m_translation': 'glm::vec<3,float,glm::packed_highp>' needs to have dll-interface to be used by clients of 'Tank::Transform'
C:\Git\tank-engine\Engine\src\nodes\node.hpp(18,15): warning C4251: 'Tank::Node::m_name': 'std::basic_string<char,std::char_traits<char>,std::allocator<char>>' needs to have dll-interface to be used by clients of 'Tank::Node'
C:\Git\tank-engine\Engine\src\nodes\node.hpp(29,30): warning C4251: 'Tank::Node::m_transform': 'std::unique_ptr<Tank::Transform,std::default_delete<Tank::Transform>>' needs to have dll-interface to be used by clients of 'Tank::Node'
C:\Git\tank-engine\Engine\src\nodes\node.hpp(30,38): warning C4251: 'Tank::Node::m_children': 'std::vector<std::unique_ptr<Tank::Node,std::default_delete<Tank::Node>>,std::allocator<std::unique_ptr<Tank::Node,std::default_delete<Tank::Node>>>>' needs to have dll-interface to be used by clients of 'Tank::Node'
C:\Git\tank-engine\Engine\src\nodes\node.hpp(31,41): warning C4251: 'Tank::Node::m_scripts': 'std::vector<std::unique_ptr<Tank::IScript,std::default_delete<Tank::IScript>>,std::allocator<std::unique_ptr<Tank::IScript,std::default_delete<Tank::IScript>>>>' needs to have dll-interface to be used by clients of 'Tank::Node'
C:\Git\tank-engine\Engine\src\nodes\hierarchy.hpp(16,38): warning C4251: 'Tank::Hierarchy::s_nodeTypes': 'std::vector<type_info,std::allocator<type_info>>' needs to have dll-interface to be used by clients of 'Tank::Hierarchy'
C:\Git\tank-engine\Engine\src\nodes\camera.hpp(17,13): warning C4251: 'Tank::Camera::m_P': 'glm::mat<4,4,float,glm::packed_highp>' needs to have dll-interface to be used by clients of 'Tank::Camera'
C:\Git\tank-engine\Engine\src\nodes\camera.hpp(19,13): warning C4251: 'Tank::Camera::m_V': 'glm::mat<4,4,float,glm::packed_highp>' needs to have dll-interface to be used by clients of 'Tank::Camera'
C:\Git\tank-engine\Engine\src\nodes\camera.hpp(21,13): warning C4251: 'Tank::Camera::m_R': 'glm::mat<4,4,float,glm::packed_highp>' needs to have dll-interface to be used by clients of 'Tank::Camera'
C:\Git\tank-engine\Engine\src\nodes\camera.hpp(23,13): warning C4251: 'Tank::Camera::m_T': 'glm::mat<4,4,float,glm::packed_highp>' needs to have dll-interface to be used by clients of 'Tank::Camera'
C:\Git\tank-engine\Engine\src\nodes\camera.hpp(26,13): warning C4251: 'Tank::Camera::m_eye': 'glm::vec<3,float,glm::packed_highp>' needs to have dll-interface to be used by clients of 'Tank::Camera'
C:\Git\tank-engine\Engine\src\nodes\camera.hpp(27,13): warning C4251: 'Tank::Camera::m_centre': 'glm::vec<3,float,glm::packed_highp>' needs to have dll-interface to be used by clients of 'Tank::Camera'
C:\Git\tank-engine\Engine\src\nodes\camera.hpp(28,13): warning C4251: 'Tank::Camera::m_up': 'glm::vec<3,float,glm::packed_highp>' needs to have dll-interface to be used by clients of 'Tank::Camera'
C:\Git\tank-engine\Engine\src\shader.hpp(41,25): warning C4251: 'Tank::Shader::m_vsPath': 'std::filesystem::path' needs to have dll-interface to be used by clients of 'Tank::Shader'
C:\Git\tank-engine\Engine\src\shader.hpp(42,25): warning C4251: 'Tank::Shader::m_fsPath': 'std::filesystem::path' needs to have dll-interface to be used by clients of 'Tank::Shader'
C:\Git\tank-engine\Engine\src\mesh.hpp(13,13): warning C4251: 'Tank::Vertex::position': 'glm::vec<3,float,glm::packed_highp>' needs to have dll-interface to be used by clients of 'Tank::Vertex'
C:\Git\tank-engine\Engine\src\mesh.hpp(14,13): warning C4251: 'Tank::Vertex::normal': 'glm::vec<3,float,glm::packed_highp>' needs to have dll-interface to be used by clients of 'Tank::Vertex'
C:\Git\tank-engine\Engine\src\mesh.hpp(15,13): warning C4251: 'Tank::Vertex::texCoords': 'glm::vec<2,float,glm::packed_highp>' needs to have dll-interface to be used by clients of 'Tank::Vertex'
C:\Git\tank-engine\Engine\src\mesh.hpp(24,23): warning C4251: 'Tank::Mesh::m_vertices': 'std::vector<Tank::Vertex,std::allocator<Tank::Vertex>>' needs to have dll-interface to be used by clients of 'Tank::Mesh'
C:\Git\tank-engine\Engine\src\mesh.hpp(25,25): warning C4251: 'Tank::Mesh::m_indices': 'std::vector<unsigned int,std::allocator<unsigned int>>' needs to have dll-interface to be used by clients of 'Tank::Mesh'
C:\Git\tank-engine\Engine\src\mesh.hpp(26,24): warning C4251: 'Tank::Mesh::m_textures': 'std::vector<Tank::Texture,std::allocator<Tank::Texture>>' needs to have dll-interface to be used by clients of 'Tank::Mesh'
C:\Git\tank-engine\Engine\src\texture.hpp(19,15): warning C4251: 'Tank::Texture::m_texType': 'std::basic_string<char,std::char_traits<char>,std::allocator<char>>' needs to have dll-interface to be used by clients of 'Tank::Texture'
C:\Git\tank-engine\Engine\src\texture.hpp(20,15): warning C4251: 'Tank::Texture::m_directory': 'std::basic_string<char,std::char_traits<char>,std::allocator<char>>' needs to have dll-interface to be used by clients of 'Tank::Texture'
C:\Git\tank-engine\Engine\src\texture.hpp(21,15): warning C4251: 'Tank::Texture::m_filename': 'std::basic_string<char,std::char_traits<char>,std::allocator<char>>' needs to have dll-interface to be used by clients of 'Tank::Texture'
C:\Git\tank-engine\Engine\src\nodes\model.hpp(23,31): warning C4251: 'Tank::Model::s_texturesLoaded': 'std::vector<Tank::Texture,std::allocator<Tank::Texture>>' needs to have dll-interface to be used by clients of 'Tank::Model'
C:\Git\tank-engine\Engine\src\nodes\model.hpp(24,21): warning C4251: 'Tank::Model::m_meshes': 'std::vector<Tank::Mesh,std::allocator<Tank::Mesh>>' needs to have dll-interface to be used by clients of 'Tank::Model'
C:\Git\tank-engine\Engine\src\nodes\model.hpp(25,15): warning C4251: 'Tank::Model::m_directory': 'std::basic_string<char,std::char_traits<char>,std::allocator<char>>' needs to have dll-interface to be used by clients of 'Tank::Model'
C:\Git\tank-engine\Engine\src\nodes\model.hpp(27,27): warning C4251: 'Tank::Model::m_shader': 'std::unique_ptr<Tank::Shader,std::default_delete<Tank::Shader>>' needs to have dll-interface to be used by clients of 'Tank::Model'
C:\Git\tank-engine\Engine\src\nodes\scene.hpp(38,24): warning C4251: 'Tank::Scene::m_activeLights': 'std::vector<Tank::Light *,std::allocator<Tank::Light *>>' needs to have dll-interface to be used by clients of 'Tank::Scene'
C:\Git\tank-engine\Engine\src\nodes\light.hpp(18,13): warning C4251: 'Tank::Light::m_ambient': 'glm::vec<3,float,glm::packed_highp>' needs to have dll-interface to be used by clients of 'Tank::Light'
C:\Git\tank-engine\Engine\src\nodes\light.hpp(19,13): warning C4251: 'Tank::Light::m_diffuse': 'glm::vec<3,float,glm::packed_highp>' needs to have dll-interface to be used by clients of 'Tank::Light'
C:\Git\tank-engine\Engine\src\nodes\light.hpp(20,13): warning C4251: 'Tank::Light::m_specular': 'glm::vec<3,float,glm::packed_highp>' needs to have dll-interface to be used by clients of 'Tank::Light'
C:\Git\tank-engine\Engine\src\nodes\light.hpp(23,15): warning C4251: 'Tank::Light::m_lightArrayName': 'std::basic_string<char,std::char_traits<char>,std::allocator<char>>' needs to have dll-interface to be used by clients of 'Tank::Light'
C:\Git\tank-engine\Engine\src\nodes\light.hpp(51,13): warning C4251: 'Tank::DirLight::m_direction': 'glm::vec<3,float,glm::packed_highp>' needs to have dll-interface to be used by clients of 'Tank::DirLight'
  inspector.cpp
C:\Git\tank-engine\Engine\src\transform.hpp(15,13): warning C4251: 'Tank::Transform::m_modelMatrix': 'glm::mat<4,4,glm::f32,glm::packed_highp>' needs to have dll-interface to be used by clients of 'Tank::Transform'
C:\Git\tank-engine\Engine\src\transform.hpp(19,13): warning C4251: 'Tank::Transform::m_rotation': 'glm::qua<float,glm::packed_highp>' needs to have dll-interface to be used by clients of 'Tank::Transform'
C:\Git\tank-engine\Engine\src\transform.hpp(20,13): warning C4251: 'Tank::Transform::m_scale': 'glm::vec<3,float,glm::packed_highp>' needs to have dll-interface to be used by clients of 'Tank::Transform'
C:\Git\tank-engine\Engine\src\transform.hpp(21,13): warning C4251: 'Tank::Transform::m_translation': 'glm::vec<3,float,glm::packed_highp>' needs to have dll-interface to be used by clients of 'Tank::Transform'
C:\Git\tank-engine\Engine\src\nodes\node.hpp(18,15): warning C4251: 'Tank::Node::m_name': 'std::basic_string<char,std::char_traits<char>,std::allocator<char>>' needs to have dll-interface to be used by clients of 'Tank::Node'
C:\Git\tank-engine\Engine\src\nodes\node.hpp(29,30): warning C4251: 'Tank::Node::m_transform': 'std::unique_ptr<Tank::Transform,std::default_delete<Tank::Transform>>' needs to have dll-interface to be used by clients of 'Tank::Node'
C:\Git\tank-engine\Engine\src\nodes\node.hpp(30,38): warning C4251: 'Tank::Node::m_children': 'std::vector<std::unique_ptr<Tank::Node,std::default_delete<Tank::Node>>,std::allocator<std::unique_ptr<Tank::Node,std::default_delete<Tank::Node>>>>' needs to have dll-interface to be used by clients of 'Tank::Node'
C:\Git\tank-engine\Engine\src\nodes\node.hpp(31,41): warning C4251: 'Tank::Node::m_scripts': 'std::vector<std::unique_ptr<Tank::IScript,std::default_delete<Tank::IScript>>,std::allocator<std::unique_ptr<Tank::IScript,std::default_delete<Tank::IScript>>>>' needs to have dll-interface to be used by clients of 'Tank::Node'
C:\Git\tank-engine\Engine\src\nodes\hierarchy.hpp(16,38): warning C4251: 'Tank::Hierarchy::s_nodeTypes': 'std::vector<type_info,std::allocator<type_info>>' needs to have dll-interface to be used by clients of 'Tank::Hierarchy'
C:\Git\tank-engine\Engine\src\nodes\camera.hpp(17,13): warning C4251: 'Tank::Camera::m_P': 'glm::mat<4,4,glm::f32,glm::packed_highp>' needs to have dll-interface to be used by clients of 'Tank::Camera'
C:\Git\tank-engine\Engine\src\nodes\camera.hpp(19,13): warning C4251: 'Tank::Camera::m_V': 'glm::mat<4,4,glm::f32,glm::packed_highp>' needs to have dll-interface to be used by clients of 'Tank::Camera'
C:\Git\tank-engine\Engine\src\nodes\camera.hpp(21,13): warning C4251: 'Tank::Camera::m_R': 'glm::mat<4,4,glm::f32,glm::packed_highp>' needs to have dll-interface to be used by clients of 'Tank::Camera'
C:\Git\tank-engine\Engine\src\nodes\camera.hpp(23,13): warning C4251: 'Tank::Camera::m_T': 'glm::mat<4,4,glm::f32,glm::packed_highp>' needs to have dll-interface to be used by clients of 'Tank::Camera'
C:\Git\tank-engine\Engine\src\nodes\camera.hpp(26,13): warning C4251: 'Tank::Camera::m_eye': 'glm::vec<3,float,glm::packed_highp>' needs to have dll-interface to be used by clients of 'Tank::Camera'
C:\Git\tank-engine\Engine\src\nodes\camera.hpp(27,13): warning C4251: 'Tank::Camera::m_centre': 'glm::vec<3,float,glm::packed_highp>' needs to have dll-interface to be used by clients of 'Tank::Camera'
C:\Git\tank-engine\Engine\src\nodes\camera.hpp(28,13): warning C4251: 'Tank::Camera::m_up': 'glm::vec<3,float,glm::packed_highp>' needs to have dll-interface to be used by clients of 'Tank::Camera'
C:\Git\tank-engine\Engine\src\nodes\scene.hpp(38,24): warning C4251: 'Tank::Scene::m_activeLights': 'std::vector<Tank::Light *,std::allocator<Tank::Light *>>' needs to have dll-interface to be used by clients of 'Tank::Scene'
C:\Git\tank-engine\Engine\src\shader.hpp(41,25): warning C4251: 'Tank::Shader::m_vsPath': 'std::filesystem::path' needs to have dll-interface to be used by clients of 'Tank::Shader'
C:\Git\tank-engine\Engine\src\shader.hpp(42,25): warning C4251: 'Tank::Shader::m_fsPath': 'std::filesystem::path' needs to have dll-interface to be used by clients of 'Tank::Shader'
C:\Git\tank-engine\Engine\src\mesh.hpp(13,13): warning C4251: 'Tank::Vertex::position': 'glm::vec<3,float,glm::packed_highp>' needs to have dll-interface to be used by clients of 'Tank::Vertex'
C:\Git\tank-engine\Engine\src\mesh.hpp(14,13): warning C4251: 'Tank::Vertex::normal': 'glm::vec<3,float,glm::packed_highp>' needs to have dll-interface to be used by clients of 'Tank::Vertex'
C:\Git\tank-engine\Engine\src\mesh.hpp(15,13): warning C4251: 'Tank::Vertex::texCoords': 'glm::vec<2,float,glm::packed_highp>' needs to have dll-interface to be used by clients of 'Tank::Vertex'
C:\Git\tank-engine\Engine\src\mesh.hpp(24,23): warning C4251: 'Tank::Mesh::m_vertices': 'std::vector<Tank::Vertex,std::allocator<Tank::Vertex>>' needs to have dll-interface to be used by clients of 'Tank::Mesh'
C:\Git\tank-engine\Engine\src\mesh.hpp(25,25): warning C4251: 'Tank::Mesh::m_indices': 'std::vector<unsigned int,std::allocator<unsigned int>>' needs to have dll-interface to be used by clients of 'Tank::Mesh'
C:\Git\tank-engine\Engine\src\mesh.hpp(26,24): warning C4251: 'Tank::Mesh::m_textures': 'std::vector<Tank::Texture,std::allocator<Tank::Texture>>' needs to have dll-interface to be used by clients of 'Tank::Mesh'
C:\Program Files (x86)\Windows Kits\10\Include\10.0.22621.0\shared\minwindef.h(130,9): warning C4005: 'APIENTRY': macro redefinition
C:\Git\tank-engine\Engine\src\log.hpp(13,42): warning C4251: 'Tank::Log::s_coreLogger': 'std::shared_ptr<spdlog::logger>' needs to have dll-interface to be used by clients of 'Tank::Log'
C:\Git\tank-engine\Engine\src\log.hpp(14,42): warning C4251: 'Tank::Log::s_clientLogger': 'std::shared_ptr<spdlog::logger>' needs to have dll-interface to be used by clients of 'Tank::Log'
C:\Git\tank-engine\Engine\src\texture.hpp(19,15): warning C4251: 'Tank::Texture::m_texType': 'std::basic_string<char,std::char_traits<char>,std::allocator<char>>' needs to have dll-interface to be used by clients of 'Tank::Texture'
C:\Git\tank-engine\Engine\src\texture.hpp(20,15): warning C4251: 'Tank::Texture::m_directory': 'std::basic_string<char,std::char_traits<char>,std::allocator<char>>' needs to have dll-interface to be used by clients of 'Tank::Texture'
C:\Git\tank-engine\Engine\src\texture.hpp(21,15): warning C4251: 'Tank::Texture::m_filename': 'std::basic_string<char,std::char_traits<char>,std::allocator<char>>' needs to have dll-interface to be used by clients of 'Tank::Texture'
C:\Git\tank-engine\Engine\src\nodes\model.hpp(23,31): warning C4251: 'Tank::Model::s_texturesLoaded': 'std::vector<Tank::Texture,std::allocator<Tank::Texture>>' needs to have dll-interface to be used by clients of 'Tank::Model'
C:\Git\tank-engine\Engine\src\nodes\model.hpp(24,21): warning C4251: 'Tank::Model::m_meshes': 'std::vector<Tank::Mesh,std::allocator<Tank::Mesh>>' needs to have dll-interface to be used by clients of 'Tank::Model'
C:\Git\tank-engine\Engine\src\nodes\model.hpp(25,15): warning C4251: 'Tank::Model::m_directory': 'std::basic_string<char,std::char_traits<char>,std::allocator<char>>' needs to have dll-interface to be used by clients of 'Tank::Model'
C:\Git\tank-engine\Engine\src\nodes\model.hpp(27,27): warning C4251: 'Tank::Model::m_shader': 'std::unique_ptr<Tank::Shader,std::default_delete<Tank::Shader>>' needs to have dll-interface to be used by clients of 'Tank::Model'
C:\Git\tank-engine\Engine\src\nodes\light.hpp(18,13): warning C4251: 'Tank::Light::m_ambient': 'glm::vec<3,float,glm::packed_highp>' needs to have dll-interface to be used by clients of 'Tank::Light'
C:\Git\tank-engine\Engine\src\nodes\light.hpp(19,13): warning C4251: 'Tank::Light::m_diffuse': 'glm::vec<3,float,glm::packed_highp>' needs to have dll-interface to be used by clients of 'Tank::Light'
C:\Git\tank-engine\Engine\src\nodes\light.hpp(20,13): warning C4251: 'Tank::Light::m_specular': 'glm::vec<3,float,glm::packed_highp>' needs to have dll-interface to be used by clients of 'Tank::Light'
C:\Git\tank-engine\Engine\src\nodes\light.hpp(23,15): warning C4251: 'Tank::Light::m_lightArrayName': 'std::basic_string<char,std::char_traits<char>,std::allocator<char>>' needs to have dll-interface to be used by clients of 'Tank::Light'
C:\Git\tank-engine\Engine\src\nodes\light.hpp(51,13): warning C4251: 'Tank::DirLight::m_direction': 'glm::vec<3,float,glm::packed_highp>' needs to have dll-interface to be used by clients of 'Tank::DirLight'
  light.cpp
C:\Git\tank-engine\Engine\src\transform.hpp(15,13): warning C4251: 'Tank::Transform::m_modelMatrix': 'glm::mat<4,4,glm::f32,glm::packed_highp>' needs to have dll-interface to be used by clients of 'Tank::Transform'
C:\Git\tank-engine\Engine\src\transform.hpp(19,13): warning C4251: 'Tank::Transform::m_rotation': 'glm::qua<float,glm::packed_highp>' needs to have dll-interface to be used by clients of 'Tank::Transform'
C:\Git\tank-engine\Engine\src\transform.hpp(20,13): warning C4251: 'Tank::Transform::m_scale': 'glm::vec<3,float,glm::packed_highp>' needs to have dll-interface to be used by clients of 'Tank::Transform'
C:\Git\tank-engine\Engine\src\transform.hpp(21,13): warning C4251: 'Tank::Transform::m_translation': 'glm::vec<3,float,glm::packed_highp>' needs to have dll-interface to be used by clients of 'Tank::Transform'
C:\Git\tank-engine\Engine\src\shader.hpp(41,25): warning C4251: 'Tank::Shader::m_vsPath': 'std::filesystem::path' needs to have dll-interface to be used by clients of 'Tank::Shader'
C:\Git\tank-engine\Engine\src\shader.hpp(42,25): warning C4251: 'Tank::Shader::m_fsPath': 'std::filesystem::path' needs to have dll-interface to be used by clients of 'Tank::Shader'
C:\Program Files (x86)\Windows Kits\10\Include\10.0.22621.0\shared\minwindef.h(130,9): warning C4005: 'APIENTRY': macro redefinition
C:\Git\tank-engine\Engine\src\log.hpp(13,42): warning C4251: 'Tank::Log::s_coreLogger': 'std::shared_ptr<spdlog::logger>' needs to have dll-interface to be used by clients of 'Tank::Log'
C:\Git\tank-engine\Engine\src\log.hpp(14,42): warning C4251: 'Tank::Log::s_clientLogger': 'std::shared_ptr<spdlog::logger>' needs to have dll-interface to be used by clients of 'Tank::Log'
C:\Git\tank-engine\Engine\src\mesh.hpp(13,13): warning C4251: 'Tank::Vertex::position': 'glm::vec<3,float,glm::packed_highp>' needs to have dll-interface to be used by clients of 'Tank::Vertex'
C:\Git\tank-engine\Engine\src\mesh.hpp(14,13): warning C4251: 'Tank::Vertex::normal': 'glm::vec<3,float,glm::packed_highp>' needs to have dll-interface to be used by clients of 'Tank::Vertex'
C:\Git\tank-engine\Engine\src\mesh.hpp(15,13): warning C4251: 'Tank::Vertex::texCoords': 'glm::vec<2,float,glm::packed_highp>' needs to have dll-interface to be used by clients of 'Tank::Vertex'
C:\Git\tank-engine\Engine\src\mesh.hpp(24,23): warning C4251: 'Tank::Mesh::m_vertices': 'std::vector<Tank::Vertex,std::allocator<Tank::Vertex>>' needs to have dll-interface to be used by clients of 'Tank::Mesh'
C:\Git\tank-engine\Engine\src\mesh.hpp(25,25): warning C4251: 'Tank::Mesh::m_indices': 'std::vector<unsigned int,std::allocator<unsigned int>>' needs to have dll-interface to be used by clients of 'Tank::Mesh'
C:\Git\tank-engine\Engine\src\mesh.hpp(26,24): warning C4251: 'Tank::Mesh::m_textures': 'std::vector<Tank::Texture,std::allocator<Tank::Texture>>' needs to have dll-interface to be used by clients of 'Tank::Mesh'
C:\Git\tank-engine\Engine\src\texture.hpp(19,15): warning C4251: 'Tank::Texture::m_texType': 'std::basic_string<char,std::char_traits<char>,std::allocator<char>>' needs to have dll-interface to be used by clients of 'Tank::Texture'
C:\Git\tank-engine\Engine\src\texture.hpp(20,15): warning C4251: 'Tank::Texture::m_directory': 'std::basic_string<char,std::char_traits<char>,std::allocator<char>>' needs to have dll-interface to be used by clients of 'Tank::Texture'
C:\Git\tank-engine\Engine\src\texture.hpp(21,15): warning C4251: 'Tank::Texture::m_filename': 'std::basic_string<char,std::char_traits<char>,std::allocator<char>>' needs to have dll-interface to be used by clients of 'Tank::Texture'
C:\Git\tank-engine\Engine\src\nodes\node.hpp(18,15): warning C4251: 'Tank::Node::m_name': 'std::basic_string<char,std::char_traits<char>,std::allocator<char>>' needs to have dll-interface to be used by clients of 'Tank::Node'
C:\Git\tank-engine\Engine\src\nodes\node.hpp(29,30): warning C4251: 'Tank::Node::m_transform': 'std::unique_ptr<Tank::Transform,std::default_delete<Tank::Transform>>' needs to have dll-interface to be used by clients of 'Tank::Node'
C:\Git\tank-engine\Engine\src\nodes\node.hpp(30,38): warning C4251: 'Tank::Node::m_children': 'std::vector<std::unique_ptr<Tank::Node,std::default_delete<Tank::Node>>,std::allocator<std::unique_ptr<Tank::Node,std::default_delete<Tank::Node>>>>' needs to have dll-interface to be used by clients of 'Tank::Node'
C:\Git\tank-engine\Engine\src\nodes\node.hpp(31,41): warning C4251: 'Tank::Node::m_scripts': 'std::vector<std::unique_ptr<Tank::IScript,std::default_delete<Tank::IScript>>,std::allocator<std::unique_ptr<Tank::IScript,std::default_delete<Tank::IScript>>>>' needs to have dll-interface to be used by clients of 'Tank::Node'
C:\Git\tank-engine\Engine\src\nodes\model.hpp(23,31): warning C4251: 'Tank::Model::s_texturesLoaded': 'std::vector<Tank::Texture,std::allocator<Tank::Texture>>' needs to have dll-interface to be used by clients of 'Tank::Model'
C:\Git\tank-engine\Engine\src\nodes\model.hpp(24,21): warning C4251: 'Tank::Model::m_meshes': 'std::vector<Tank::Mesh,std::allocator<Tank::Mesh>>' needs to have dll-interface to be used by clients of 'Tank::Model'
C:\Git\tank-engine\Engine\src\nodes\model.hpp(25,15): warning C4251: 'Tank::Model::m_directory': 'std::basic_string<char,std::char_traits<char>,std::allocator<char>>' needs to have dll-interface to be used by clients of 'Tank::Model'
C:\Git\tank-engine\Engine\src\nodes\model.hpp(27,27): warning C4251: 'Tank::Model::m_shader': 'std::unique_ptr<Tank::Shader,std::default_delete<Tank::Shader>>' needs to have dll-interface to be used by clients of 'Tank::Model'
C:\Git\tank-engine\Engine\src\nodes\scene.hpp(38,24): warning C4251: 'Tank::Scene::m_activeLights': 'std::vector<Tank::Light *,std::allocator<Tank::Light *>>' needs to have dll-interface to be used by clients of 'Tank::Scene'
C:\Git\tank-engine\Engine\src\nodes\light.hpp(18,13): warning C4251: 'Tank::Light::m_ambient': 'glm::vec<3,float,glm::packed_highp>' needs to have dll-interface to be used by clients of 'Tank::Light'
C:\Git\tank-engine\Engine\src\nodes\light.hpp(19,13): warning C4251: 'Tank::Light::m_diffuse': 'glm::vec<3,float,glm::packed_highp>' needs to have dll-interface to be used by clients of 'Tank::Light'
C:\Git\tank-engine\Engine\src\nodes\light.hpp(20,13): warning C4251: 'Tank::Light::m_specular': 'glm::vec<3,float,glm::packed_highp>' needs to have dll-interface to be used by clients of 'Tank::Light'
C:\Git\tank-engine\Engine\src\nodes\light.hpp(23,15): warning C4251: 'Tank::Light::m_lightArrayName': 'std::basic_string<char,std::char_traits<char>,std::allocator<char>>' needs to have dll-interface to be used by clients of 'Tank::Light'
C:\Git\tank-engine\Engine\src\nodes\light.hpp(51,13): warning C4251: 'Tank::DirLight::m_direction': 'glm::vec<3,float,glm::packed_highp>' needs to have dll-interface to be used by clients of 'Tank::DirLight'
  model.cpp
C:\Program Files (x86)\Windows Kits\10\Include\10.0.22621.0\shared\minwindef.h(130,9): warning C4005: 'APIENTRY': macro redefinition
C:\Git\tank-engine\Engine\src\log.hpp(13,42): warning C4251: 'Tank::Log::s_coreLogger': 'std::shared_ptr<spdlog::logger>' needs to have dll-interface to be used by clients of 'Tank::Log'
C:\Git\tank-engine\Engine\src\log.hpp(14,42): warning C4251: 'Tank::Log::s_clientLogger': 'std::shared_ptr<spdlog::logger>' needs to have dll-interface to be used by clients of 'Tank::Log'
C:\Git\tank-engine\Engine\src\texture.hpp(19,15): warning C4251: 'Tank::Texture::m_texType': 'std::basic_string<char,std::char_traits<char>,std::allocator<char>>' needs to have dll-interface to be used by clients of 'Tank::Texture'
C:\Git\tank-engine\Engine\src\texture.hpp(20,15): warning C4251: 'Tank::Texture::m_directory': 'std::basic_string<char,std::char_traits<char>,std::allocator<char>>' needs to have dll-interface to be used by clients of 'Tank::Texture'
C:\Git\tank-engine\Engine\src\texture.hpp(21,15): warning C4251: 'Tank::Texture::m_filename': 'std::basic_string<char,std::char_traits<char>,std::allocator<char>>' needs to have dll-interface to be used by clients of 'Tank::Texture'
C:\Git\tank-engine\Engine\src\shader.hpp(41,25): warning C4251: 'Tank::Shader::m_vsPath': 'std::filesystem::path' needs to have dll-interface to be used by clients of 'Tank::Shader'
C:\Git\tank-engine\Engine\src\shader.hpp(42,25): warning C4251: 'Tank::Shader::m_fsPath': 'std::filesystem::path' needs to have dll-interface to be used by clients of 'Tank::Shader'
C:\Git\tank-engine\Engine\src\transform.hpp(15,13): warning C4251: 'Tank::Transform::m_modelMatrix': 'glm::mat<4,4,float,glm::packed_highp>' needs to have dll-interface to be used by clients of 'Tank::Transform'
C:\Git\tank-engine\Engine\src\transform.hpp(19,13): warning C4251: 'Tank::Transform::m_rotation': 'glm::qua<float,glm::packed_highp>' needs to have dll-interface to be used by clients of 'Tank::Transform'
C:\Git\tank-engine\Engine\src\transform.hpp(20,13): warning C4251: 'Tank::Transform::m_scale': 'glm::vec<3,float,glm::packed_highp>' needs to have dll-interface to be used by clients of 'Tank::Transform'
C:\Git\tank-engine\Engine\src\transform.hpp(21,13): warning C4251: 'Tank::Transform::m_translation': 'glm::vec<3,float,glm::packed_highp>' needs to have dll-interface to be used by clients of 'Tank::Transform'
C:\Git\tank-engine\Engine\src\nodes\node.hpp(18,15): warning C4251: 'Tank::Node::m_name': 'std::basic_string<char,std::char_traits<char>,std::allocator<char>>' needs to have dll-interface to be used by clients of 'Tank::Node'
C:\Git\tank-engine\Engine\src\nodes\node.hpp(29,30): warning C4251: 'Tank::Node::m_transform': 'std::unique_ptr<Tank::Transform,std::default_delete<Tank::Transform>>' needs to have dll-interface to be used by clients of 'Tank::Node'
C:\Git\tank-engine\Engine\src\nodes\node.hpp(30,38): warning C4251: 'Tank::Node::m_children': 'std::vector<std::unique_ptr<Tank::Node,std::default_delete<Tank::Node>>,std::allocator<std::unique_ptr<Tank::Node,std::default_delete<Tank::Node>>>>' needs to have dll-interface to be used by clients of 'Tank::Node'
C:\Git\tank-engine\Engine\src\nodes\node.hpp(31,41): warning C4251: 'Tank::Node::m_scripts': 'std::vector<std::unique_ptr<Tank::IScript,std::default_delete<Tank::IScript>>,std::allocator<std::unique_ptr<Tank::IScript,std::default_delete<Tank::IScript>>>>' needs to have dll-interface to be used by clients of 'Tank::Node'
C:\Git\tank-engine\Engine\src\nodes\scene.hpp(38,24): warning C4251: 'Tank::Scene::m_activeLights': 'std::vector<Tank::Light *,std::allocator<Tank::Light *>>' needs to have dll-interface to be used by clients of 'Tank::Scene'
C:\Git\tank-engine\Engine\src\mesh.hpp(13,13): warning C4251: 'Tank::Vertex::position': 'glm::vec<3,float,glm::packed_highp>' needs to have dll-interface to be used by clients of 'Tank::Vertex'
C:\Git\tank-engine\Engine\src\mesh.hpp(14,13): warning C4251: 'Tank::Vertex::normal': 'glm::vec<3,float,glm::packed_highp>' needs to have dll-interface to be used by clients of 'Tank::Vertex'
C:\Git\tank-engine\Engine\src\mesh.hpp(15,13): warning C4251: 'Tank::Vertex::texCoords': 'glm::vec<2,float,glm::packed_highp>' needs to have dll-interface to be used by clients of 'Tank::Vertex'
C:\Git\tank-engine\Engine\src\mesh.hpp(24,23): warning C4251: 'Tank::Mesh::m_vertices': 'std::vector<Tank::Vertex,std::allocator<Tank::Vertex>>' needs to have dll-interface to be used by clients of 'Tank::Mesh'
C:\Git\tank-engine\Engine\src\mesh.hpp(25,25): warning C4251: 'Tank::Mesh::m_indices': 'std::vector<unsigned int,std::allocator<unsigned int>>' needs to have dll-interface to be used by clients of 'Tank::Mesh'
C:\Git\tank-engine\Engine\src\mesh.hpp(26,24): warning C4251: 'Tank::Mesh::m_textures': 'std::vector<Tank::Texture,std::allocator<Tank::Texture>>' needs to have dll-interface to be used by clients of 'Tank::Mesh'
C:\Git\tank-engine\Engine\src\nodes\model.hpp(23,31): warning C4251: 'Tank::Model::s_texturesLoaded': 'std::vector<Tank::Texture,std::allocator<Tank::Texture>>' needs to have dll-interface to be used by clients of 'Tank::Model'
C:\Git\tank-engine\Engine\src\nodes\model.hpp(24,21): warning C4251: 'Tank::Model::m_meshes': 'std::vector<Tank::Mesh,std::allocator<Tank::Mesh>>' needs to have dll-interface to be used by clients of 'Tank::Model'
C:\Git\tank-engine\Engine\src\nodes\model.hpp(25,15): warning C4251: 'Tank::Model::m_directory': 'std::basic_string<char,std::char_traits<char>,std::allocator<char>>' needs to have dll-interface to be used by clients of 'Tank::Model'
C:\Git\tank-engine\Engine\src\nodes\model.hpp(27,27): warning C4251: 'Tank::Model::m_shader': 'std::unique_ptr<Tank::Shader,std::default_delete<Tank::Shader>>' needs to have dll-interface to be used by clients of 'Tank::Model'
C:\Git\tank-engine\Engine\src\nodes\hierarchy.hpp(16,38): warning C4251: 'Tank::Hierarchy::s_nodeTypes': 'std::vector<type_info,std::allocator<type_info>>' needs to have dll-interface to be used by clients of 'Tank::Hierarchy'
C:\Git\tank-engine\Engine\src\nodes\camera.hpp(17,13): warning C4251: 'Tank::Camera::m_P': 'glm::mat<4,4,float,glm::packed_highp>' needs to have dll-interface to be used by clients of 'Tank::Camera'
C:\Git\tank-engine\Engine\src\nodes\camera.hpp(19,13): warning C4251: 'Tank::Camera::m_V': 'glm::mat<4,4,float,glm::packed_highp>' needs to have dll-interface to be used by clients of 'Tank::Camera'
C:\Git\tank-engine\Engine\src\nodes\camera.hpp(21,13): warning C4251: 'Tank::Camera::m_R': 'glm::mat<4,4,float,glm::packed_highp>' needs to have dll-interface to be used by clients of 'Tank::Camera'
C:\Git\tank-engine\Engine\src\nodes\camera.hpp(23,13): warning C4251: 'Tank::Camera::m_T': 'glm::mat<4,4,float,glm::packed_highp>' needs to have dll-interface to be used by clients of 'Tank::Camera'
C:\Git\tank-engine\Engine\src\nodes\camera.hpp(26,13): warning C4251: 'Tank::Camera::m_eye': 'glm::vec<3,float,glm::packed_highp>' needs to have dll-interface to be used by clients of 'Tank::Camera'
C:\Git\tank-engine\Engine\src\nodes\camera.hpp(27,13): warning C4251: 'Tank::Camera::m_centre': 'glm::vec<3,float,glm::packed_highp>' needs to have dll-interface to be used by clients of 'Tank::Camera'
C:\Git\tank-engine\Engine\src\nodes\camera.hpp(28,13): warning C4251: 'Tank::Camera::m_up': 'glm::vec<3,float,glm::packed_highp>' needs to have dll-interface to be used by clients of 'Tank::Camera'
C:\Git\tank-engine\Engine\src\nodes\light.hpp(18,13): warning C4251: 'Tank::Light::m_ambient': 'glm::vec<3,float,glm::packed_highp>' needs to have dll-interface to be used by clients of 'Tank::Light'
C:\Git\tank-engine\Engine\src\nodes\light.hpp(19,13): warning C4251: 'Tank::Light::m_diffuse': 'glm::vec<3,float,glm::packed_highp>' needs to have dll-interface to be used by clients of 'Tank::Light'
C:\Git\tank-engine\Engine\src\nodes\light.hpp(20,13): warning C4251: 'Tank::Light::m_specular': 'glm::vec<3,float,glm::packed_highp>' needs to have dll-interface to be used by clients of 'Tank::Light'
C:\Git\tank-engine\Engine\src\nodes\light.hpp(23,15): warning C4251: 'Tank::Light::m_lightArrayName': 'std::basic_string<char,std::char_traits<char>,std::allocator<char>>' needs to have dll-interface to be used by clients of 'Tank::Light'
C:\Git\tank-engine\Engine\src\nodes\light.hpp(51,13): warning C4251: 'Tank::DirLight::m_direction': 'glm::vec<3,float,glm::packed_highp>' needs to have dll-interface to be used by clients of 'Tank::DirLight'
  scene.cpp
C:\Git\tank-engine\Engine\src\log.hpp(13,42): warning C4251: 'Tank::Log::s_coreLogger': 'std::shared_ptr<spdlog::logger>' needs to have dll-interface to be used by clients of 'Tank::Log'
C:\Git\tank-engine\Engine\src\log.hpp(14,42): warning C4251: 'Tank::Log::s_clientLogger': 'std::shared_ptr<spdlog::logger>' needs to have dll-interface to be used by clients of 'Tank::Log'
C:\Git\tank-engine\Engine\src\transform.hpp(15,13): warning C4251: 'Tank::Transform::m_modelMatrix': 'glm::mat<4,4,float,glm::packed_highp>' needs to have dll-interface to be used by clients of 'Tank::Transform'
C:\Git\tank-engine\Engine\src\transform.hpp(19,13): warning C4251: 'Tank::Transform::m_rotation': 'glm::qua<float,glm::packed_highp>' needs to have dll-interface to be used by clients of 'Tank::Transform'
C:\Git\tank-engine\Engine\src\transform.hpp(20,13): warning C4251: 'Tank::Transform::m_scale': 'glm::vec<3,float,glm::packed_highp>' needs to have dll-interface to be used by clients of 'Tank::Transform'
C:\Git\tank-engine\Engine\src\transform.hpp(21,13): warning C4251: 'Tank::Transform::m_translation': 'glm::vec<3,float,glm::packed_highp>' needs to have dll-interface to be used by clients of 'Tank::Transform'
C:\Git\tank-engine\Engine\src\nodes\node.hpp(18,15): warning C4251: 'Tank::Node::m_name': 'std::basic_string<char,std::char_traits<char>,std::allocator<char>>' needs to have dll-interface to be used by clients of 'Tank::Node'
C:\Git\tank-engine\Engine\src\nodes\node.hpp(29,30): warning C4251: 'Tank::Node::m_transform': 'std::unique_ptr<Tank::Transform,std::default_delete<Tank::Transform>>' needs to have dll-interface to be used by clients of 'Tank::Node'
C:\Git\tank-engine\Engine\src\nodes\node.hpp(30,38): warning C4251: 'Tank::Node::m_children': 'std::vector<std::unique_ptr<Tank::Node,std::default_delete<Tank::Node>>,std::allocator<std::unique_ptr<Tank::Node,std::default_delete<Tank::Node>>>>' needs to have dll-interface to be used by clients of 'Tank::Node'
C:\Git\tank-engine\Engine\src\nodes\node.hpp(31,41): warning C4251: 'Tank::Node::m_scripts': 'std::vector<std::unique_ptr<Tank::IScript,std::default_delete<Tank::IScript>>,std::allocator<std::unique_ptr<Tank::IScript,std::default_delete<Tank::IScript>>>>' needs to have dll-interface to be used by clients of 'Tank::Node'
C:\Git\tank-engine\Engine\src\nodes\scene.hpp(38,24): warning C4251: 'Tank::Scene::m_activeLights': 'std::vector<Tank::Light *,std::allocator<Tank::Light *>>' needs to have dll-interface to be used by clients of 'Tank::Scene'
C:\Git\tank-engine\Engine\src\nodes\hierarchy.hpp(16,38): warning C4251: 'Tank::Hierarchy::s_nodeTypes': 'std::vector<type_info,std::allocator<type_info>>' needs to have dll-interface to be used by clients of 'Tank::Hierarchy'
C:\Git\tank-engine\Engine\src\nodes\camera.hpp(17,13): warning C4251: 'Tank::Camera::m_P': 'glm::mat<4,4,float,glm::packed_highp>' needs to have dll-interface to be used by clients of 'Tank::Camera'
C:\Git\tank-engine\Engine\src\nodes\camera.hpp(19,13): warning C4251: 'Tank::Camera::m_V': 'glm::mat<4,4,float,glm::packed_highp>' needs to have dll-interface to be used by clients of 'Tank::Camera'
C:\Git\tank-engine\Engine\src\nodes\camera.hpp(21,13): warning C4251: 'Tank::Camera::m_R': 'glm::mat<4,4,float,glm::packed_highp>' needs to have dll-interface to be used by clients of 'Tank::Camera'
C:\Git\tank-engine\Engine\src\nodes\camera.hpp(23,13): warning C4251: 'Tank::Camera::m_T': 'glm::mat<4,4,float,glm::packed_highp>' needs to have dll-interface to be used by clients of 'Tank::Camera'
C:\Git\tank-engine\Engine\src\nodes\camera.hpp(26,13): warning C4251: 'Tank::Camera::m_eye': 'glm::vec<3,float,glm::packed_highp>' needs to have dll-interface to be used by clients of 'Tank::Camera'
C:\Git\tank-engine\Engine\src\nodes\camera.hpp(27,13): warning C4251: 'Tank::Camera::m_centre': 'glm::vec<3,float,glm::packed_highp>' needs to have dll-interface to be used by clients of 'Tank::Camera'
C:\Git\tank-engine\Engine\src\nodes\camera.hpp(28,13): warning C4251: 'Tank::Camera::m_up': 'glm::vec<3,float,glm::packed_highp>' needs to have dll-interface to be used by clients of 'Tank::Camera'
C:\Git\tank-engine\Engine\src\shader.hpp(41,25): warning C4251: 'Tank::Shader::m_vsPath': 'std::filesystem::path' needs to have dll-interface to be used by clients of 'Tank::Shader'
C:\Git\tank-engine\Engine\src\shader.hpp(42,25): warning C4251: 'Tank::Shader::m_fsPath': 'std::filesystem::path' needs to have dll-interface to be used by clients of 'Tank::Shader'
C:\Git\tank-engine\Engine\src\mesh.hpp(13,13): warning C4251: 'Tank::Vertex::position': 'glm::vec<3,float,glm::packed_highp>' needs to have dll-interface to be used by clients of 'Tank::Vertex'
C:\Git\tank-engine\Engine\src\mesh.hpp(14,13): warning C4251: 'Tank::Vertex::normal': 'glm::vec<3,float,glm::packed_highp>' needs to have dll-interface to be used by clients of 'Tank::Vertex'
C:\Git\tank-engine\Engine\src\mesh.hpp(15,13): warning C4251: 'Tank::Vertex::texCoords': 'glm::vec<2,float,glm::packed_highp>' needs to have dll-interface to be used by clients of 'Tank::Vertex'
C:\Git\tank-engine\Engine\src\mesh.hpp(24,23): warning C4251: 'Tank::Mesh::m_vertices': 'std::vector<Tank::Vertex,std::allocator<Tank::Vertex>>' needs to have dll-interface to be used by clients of 'Tank::Mesh'
C:\Git\tank-engine\Engine\src\mesh.hpp(25,25): warning C4251: 'Tank::Mesh::m_indices': 'std::vector<unsigned int,std::allocator<unsigned int>>' needs to have dll-interface to be used by clients of 'Tank::Mesh'
C:\Git\tank-engine\Engine\src\mesh.hpp(26,24): warning C4251: 'Tank::Mesh::m_textures': 'std::vector<Tank::Texture,std::allocator<Tank::Texture>>' needs to have dll-interface to be used by clients of 'Tank::Mesh'
C:\Git\tank-engine\Engine\src\texture.hpp(19,15): warning C4251: 'Tank::Texture::m_texType': 'std::basic_string<char,std::char_traits<char>,std::allocator<char>>' needs to have dll-interface to be used by clients of 'Tank::Texture'
C:\Git\tank-engine\Engine\src\texture.hpp(20,15): warning C4251: 'Tank::Texture::m_directory': 'std::basic_string<char,std::char_traits<char>,std::allocator<char>>' needs to have dll-interface to be used by clients of 'Tank::Texture'
C:\Git\tank-engine\Engine\src\texture.hpp(21,15): warning C4251: 'Tank::Texture::m_filename': 'std::basic_string<char,std::char_traits<char>,std::allocator<char>>' needs to have dll-interface to be used by clients of 'Tank::Texture'
C:\Git\tank-engine\Engine\src\nodes\model.hpp(23,31): warning C4251: 'Tank::Model::s_texturesLoaded': 'std::vector<Tank::Texture,std::allocator<Tank::Texture>>' needs to have dll-interface to be used by clients of 'Tank::Model'
C:\Git\tank-engine\Engine\src\nodes\model.hpp(24,21): warning C4251: 'Tank::Model::m_meshes': 'std::vector<Tank::Mesh,std::allocator<Tank::Mesh>>' needs to have dll-interface to be used by clients of 'Tank::Model'
C:\Git\tank-engine\Engine\src\nodes\model.hpp(25,15): warning C4251: 'Tank::Model::m_directory': 'std::basic_string<char,std::char_traits<char>,std::allocator<char>>' needs to have dll-interface to be used by clients of 'Tank::Model'
C:\Git\tank-engine\Engine\src\nodes\model.hpp(27,27): warning C4251: 'Tank::Model::m_shader': 'std::unique_ptr<Tank::Shader,std::default_delete<Tank::Shader>>' needs to have dll-interface to be used by clients of 'Tank::Model'
C:\Git\tank-engine\Engine\src\nodes\light.hpp(18,13): warning C4251: 'Tank::Light::m_ambient': 'glm::vec<3,float,glm::packed_highp>' needs to have dll-interface to be used by clients of 'Tank::Light'
C:\Git\tank-engine\Engine\src\nodes\light.hpp(19,13): warning C4251: 'Tank::Light::m_diffuse': 'glm::vec<3,float,glm::packed_highp>' needs to have dll-interface to be used by clients of 'Tank::Light'
C:\Git\tank-engine\Engine\src\nodes\light.hpp(20,13): warning C4251: 'Tank::Light::m_specular': 'glm::vec<3,float,glm::packed_highp>' needs to have dll-interface to be used by clients of 'Tank::Light'
C:\Git\tank-engine\Engine\src\nodes\light.hpp(23,15): warning C4251: 'Tank::Light::m_lightArrayName': 'std::basic_string<char,std::char_traits<char>,std::allocator<char>>' needs to have dll-interface to be used by clients of 'Tank::Light'
C:\Git\tank-engine\Engine\src\nodes\light.hpp(51,13): warning C4251: 'Tank::DirLight::m_direction': 'glm::vec<3,float,glm::packed_highp>' needs to have dll-interface to be used by clients of 'Tank::DirLight'
  Generating Code...
     Creating library Engine\bin\Debug\Engine.lib and object Engine\bin\Debug\Engine.exp
LINK : warning LNK4098: defaultlib 'MSVCRT' conflicts with use of other libs; use /NODEFAULTLIB:library
  Engine.vcxproj -> C:\Git\tank-engine\Engine\bin\Debug\Engine.dll
